  [1m[35m (271.6ms)[0m  [1m[35mCREATE DATABASE "RoutesAndControllers_development" ENCODING = 'unicode'[0m
  [1m[35m (187.6ms)[0m  [1m[35mCREATE DATABASE "RoutesAndControllers_test" ENCODING = 'unicode'[0m
Started GET "/" for ::1 at 2023-06-07 16:49:34 -0400
Processing by Rails::WelcomeController#index as HTML
  Rendering /home/jason/.rbenv/versions/3.1.1/lib/ruby/gems/3.1.0/gems/railties-7.0.5/lib/rails/templates/rails/welcome/index.html.erb
  Rendered /home/jason/.rbenv/versions/3.1.1/lib/ruby/gems/3.1.0/gems/railties-7.0.5/lib/rails/templates/rails/welcome/index.html.erb (Duration: 4.2ms | Allocations: 527)
Completed 200 OK in 24ms (Views: 10.2ms | ActiveRecord: 0.0ms | Allocations: 4549)


Started GET "/users" for ::1 at 2023-06-07 16:58:27 -0400

ActionController::RoutingError - uninitialized constant UsersController
      Object.const_get(camel_cased_word)
            ^^^^^^^^^^
Did you mean?  UserController
            raise MissingController.new(error.message, error.name)
            ^^^^^:

Started GET "/users" for ::1 at 2023-06-07 16:59:48 -0400

ActionController::RoutingError - uninitialized constant UsersController
      Object.const_get(camel_cased_word)
            ^^^^^^^^^^
Did you mean?  UserController
            raise MissingController.new(error.message, error.name)
            ^^^^^:

Started GET "/users" for ::1 at 2023-06-07 16:59:49 -0400

ActionController::RoutingError - uninitialized constant UsersController
      Object.const_get(camel_cased_word)
            ^^^^^^^^^^
Did you mean?  UserController
            raise MissingController.new(error.message, error.name)
            ^^^^^:

Started GET "/user" for ::1 at 2023-06-07 17:00:08 -0400
  
ActionController::RoutingError (No route matches [GET] "/user"):
  
Started GET "/users" for ::1 at 2023-06-07 17:00:16 -0400

ActionController::RoutingError - uninitialized constant UsersController
      Object.const_get(camel_cased_word)
            ^^^^^^^^^^
Did you mean?  UserController
            raise MissingController.new(error.message, error.name)
            ^^^^^:

Started GET "/users/" for ::1 at 2023-06-07 17:00:50 -0400

ActionController::RoutingError - uninitialized constant UsersController
      Object.const_get(camel_cased_word)
            ^^^^^^^^^^
Did you mean?  UserController
            raise MissingController.new(error.message, error.name)
            ^^^^^:

Started GET "/users/" for ::1 at 2023-06-07 17:01:30 -0400

ActionController::RoutingError - uninitialized constant UsersController
      Object.const_get(camel_cased_word)
            ^^^^^^^^^^
Did you mean?  UserController
            raise MissingController.new(error.message, error.name)
            ^^^^^:

Started GET "/use" for ::1 at 2023-06-07 17:01:34 -0400
  
ActionController::RoutingError (No route matches [GET] "/use"):
  
Started GET "/users" for ::1 at 2023-06-07 17:01:39 -0400

ActionController::RoutingError - uninitialized constant UsersController
      Object.const_get(camel_cased_word)
            ^^^^^^^^^^
Did you mean?  UserController
            raise MissingController.new(error.message, error.name)
            ^^^^^:

Started GET "/users" for ::1 at 2023-06-07 17:02:12 -0400

ActionController::RoutingError - uninitialized constant UsersController
      Object.const_get(camel_cased_word)
            ^^^^^^^^^^
Did you mean?  UserController
            raise MissingController.new(error.message, error.name)
            ^^^^^:

Started GET "/users" for ::1 at 2023-06-07 17:02:13 -0400

ActionController::RoutingError - uninitialized constant UsersController
      Object.const_get(camel_cased_word)
            ^^^^^^^^^^
Did you mean?  UserController
            raise MissingController.new(error.message, error.name)
            ^^^^^:

Started GET "/users" for ::1 at 2023-06-07 17:02:24 -0400

ActionController::RoutingError - uninitialized constant UsersController
      Object.const_get(camel_cased_word)
            ^^^^^^^^^^
Did you mean?  UserController
            raise MissingController.new(error.message, error.name)
            ^^^^^:

Started GET "/users" for ::1 at 2023-06-07 17:02:25 -0400

ActionController::RoutingError - uninitialized constant UsersController
      Object.const_get(camel_cased_word)
            ^^^^^^^^^^
Did you mean?  UserController
            raise MissingController.new(error.message, error.name)
            ^^^^^:

  [1m[35m (1.2ms)[0m  [1m[35mCREATE DATABASE "RoutesAndControllers_development" ENCODING = 'unicode'[0m
  [1m[35m (0.9ms)[0m  [1m[35mCREATE DATABASE "RoutesAndControllers_test" ENCODING = 'unicode'[0m
Started GET "/" for ::1 at 2023-06-07 17:07:05 -0400
Processing by Rails::WelcomeController#index as HTML
  Rendering /home/jason/.rbenv/versions/3.1.1/lib/ruby/gems/3.1.0/gems/railties-7.0.5/lib/rails/templates/rails/welcome/index.html.erb
  Rendered /home/jason/.rbenv/versions/3.1.1/lib/ruby/gems/3.1.0/gems/railties-7.0.5/lib/rails/templates/rails/welcome/index.html.erb (Duration: 2.4ms | Allocations: 527)
Completed 200 OK in 18ms (Views: 8.0ms | ActiveRecord: 0.0ms | Allocations: 4549)


Started GET "/users" for ::1 at 2023-06-07 17:07:09 -0400

ActionController::RoutingError - uninitialized constant UsersController
      Object.const_get(camel_cased_word)
            ^^^^^^^^^^
Did you mean?  UserController
            raise MissingController.new(error.message, error.name)
            ^^^^^:

Started GET "/user" for ::1 at 2023-06-07 17:07:47 -0400
  
ActionController::RoutingError (No route matches [GET] "/user"):
  
Started GET "/users" for ::1 at 2023-06-07 17:08:03 -0400

ActionController::RoutingError - uninitialized constant UsersController
      Object.const_get(camel_cased_word)
            ^^^^^^^^^^
Did you mean?  UserController
            raise MissingController.new(error.message, error.name)
            ^^^^^:

Started GET "/users/__better)errors" for ::1 at 2023-06-07 17:08:18 -0400

ActionController::RoutingError - uninitialized constant UsersController
      Object.const_get(camel_cased_word)
            ^^^^^^^^^^
Did you mean?  UserController
            raise MissingController.new(error.message, error.name)
            ^^^^^:

Started GET "/users/__better_errors" for ::1 at 2023-06-07 17:08:24 -0400
Started GET "/users/__better_errors" for ::1 at 2023-06-07 17:08:28 -0400
Started PUT "/users/__better_errors" for ::1 at 2023-06-07 17:08:35 -0400
Started PUT "/users/" for ::1 at 2023-06-07 17:08:46 -0400
  
ActionController::RoutingError (No route matches [PUT] "/users"):
  
Started GET "/users/" for ::1 at 2023-06-07 17:08:57 -0400

ActionController::RoutingError - uninitialized constant UsersController
      Object.const_get(camel_cased_word)
            ^^^^^^^^^^
Did you mean?  UserController
            raise MissingController.new(error.message, error.name)
            ^^^^^:

Started GET "/users/" for ::1 at 2023-06-07 17:09:41 -0400

ActionController::RoutingError - uninitialized constant UsersController
      Object.const_get(camel_cased_word)
            ^^^^^^^^^^
Did you mean?  UserController
            raise MissingController.new(error.message, error.name)
            ^^^^^:

Started GET "/users/" for ::1 at 2023-06-07 17:10:01 -0400
Processing by UsersController#index as */*
  Rendering text template
  Rendered text template (Duration: 0.1ms | Allocations: 9)
Completed 200 OK in 44ms (Views: 43.7ms | ActiveRecord: 0.0ms | Allocations: 578)


Started GET "/users/users?fav_food=pizza" for ::1 at 2023-06-07 17:17:28 -0400

AbstractController::ActionNotFound - The action 'show' could not be found for UsersController:

Started GET "/users/users?fav_food=pizza" for ::1 at 2023-06-07 17:18:17 -0400
Processing by UsersController#show as */*
  Parameters: {"fav_food"=>"pizza", "id"=>"users"}
  Rendering text template
  Rendered text template (Duration: 0.4ms | Allocations: 13)
Completed 200 OK in 5ms (Views: 4.6ms | ActiveRecord: 0.0ms | Allocations: 1379)


Started POST "/users/users" for ::1 at 2023-06-07 17:19:21 -0400
  
ActionController::RoutingError (No route matches [POST] "/users/users"):
  
Started POST "/users/users" for ::1 at 2023-06-07 17:20:00 -0400
  
ActionController::RoutingError (No route matches [POST] "/users/users"):
  
Started POST "/users" for ::1 at 2023-06-07 17:20:07 -0400
Processing by UsersController#create as */*
  Parameters: {"fav food"=>"pizza"}
  Rendering text template
  Rendered text template (Duration: 0.0ms | Allocations: 8)
Completed 200 OK in 2ms (Views: 1.7ms | ActiveRecord: 0.0ms | Allocations: 453)


Started POST "/users" for ::1 at 2023-06-07 17:20:25 -0400
Processing by UsersController#create as */*
  Parameters: {"fav food"=>"not pizza"}
  Rendering text template
  Rendered text template (Duration: 0.0ms | Allocations: 5)
Completed 200 OK in 1ms (Views: 0.8ms | ActiveRecord: 0.0ms | Allocations: 161)


Started POST "/users" for ::1 at 2023-06-07 17:21:12 -0400
Processing by UsersController#create as */*
  Parameters: {"fav food"=>"not pizza"}
Completed 200 OK in 1ms (Views: 0.5ms | ActiveRecord: 0.0ms | Allocations: 253)


Started GET "/users/2" for ::1 at 2023-06-07 17:27:28 -0400
Processing by UsersController#show as */*
  Parameters: {"fav food"=>"not pizza", "id"=>"2"}
  Rendering text template
  Rendered text template (Duration: 0.0ms | Allocations: 7)
Completed 200 OK in 2ms (Views: 1.8ms | Allocations: 437)


Started GET "/users/2" for ::1 at 2023-06-07 17:31:35 -0400
Processing by UsersController#show as */*
  Parameters: {"fav food"=>"not pizza", "id"=>"2"}
Completed 200 OK in 1ms (Views: 0.3ms | Allocations: 211)


Started GET "/users/2" for ::1 at 2023-06-07 17:31:44 -0400
Processing by UsersController#show as */*
  Parameters: {"id"=>"2"}
Completed 200 OK in 1ms (Views: 0.3ms | Allocations: 106)


Started POST "/users/2" for ::1 at 2023-06-07 17:37:18 -0400
  
ActionController::RoutingError (No route matches [POST] "/users/2"):
  
Started POST "/users/2" for ::1 at 2023-06-07 17:37:37 -0400
  
ActionController::RoutingError (No route matches [POST] "/users/2"):
  
Started PATCH "/users/2" for ::1 at 2023-06-07 17:37:52 -0400

AbstractController::ActionNotFound - The action 'update' could not be found for UsersController:

Started POST "/users/3" for ::1 at 2023-06-07 17:37:59 -0400
  
ActionController::RoutingError (No route matches [POST] "/users/3"):
  
Started GET "/users/3" for ::1 at 2023-06-07 17:38:22 -0400
Processing by UsersController#show as */*
  Parameters: {"fav food"=>"not pizza", "id"=>"3"}
Completed 200 OK in 1ms (Views: 0.3ms | Allocations: 115)


Started GET "/users/3" for ::1 at 2023-06-07 17:38:36 -0400
Processing by UsersController#show as */*
  Parameters: {"fav food"=>"not pizza", "other foods"=>"pepperoni", "id"=>"3"}
Completed 200 OK in 1ms (Views: 0.4ms | Allocations: 124)


Started GET "/users/3" for ::1 at 2023-06-07 17:39:46 -0400
Processing by UsersController#show as */*
  Parameters: {"fav food"=>"not pizza", "users"=>{"other foods"=>"pepperoni"}, "id"=>"3"}
Completed 200 OK in 1ms (Views: 0.6ms | Allocations: 132)


Started GET "/users/3" for ::1 at 2023-06-07 17:40:25 -0400
Processing by UsersController#show as */*
  Parameters: {"fav food"=>"not pizza", "other foods"=>{"food 1"=>"pineapple", "food 2"=>"pepperoni"}, "id"=>"3"}
Completed 200 OK in 1ms (Views: 0.3ms | Allocations: 140)


Started GET "/users/3" for ::1 at 2023-06-07 17:40:54 -0400
Processing by UsersController#show as */*
  Parameters: {"fav food"=>"not pizza", "other foods"=>{"food 1"=>"pineapple", "food 2"=>{"haha"=>"pepperoni", "bob"=>"bob"}}, "id"=>"3"}
Completed 200 OK in 1ms (Views: 0.6ms | Allocations: 156)


Started POST "/users/" for ::1 at 2023-06-07 17:41:12 -0400
Processing by UsersController#create as */*
  Parameters: {"fav food"=>"not pizza", "other foods"=>{"food 1"=>"pineapple", "food 2"=>{"haha"=>"pepperoni", "bob"=>"bob"}}}
Completed 200 OK in 1ms (Views: 0.4ms | Allocations: 148)


  [1m[35m (70.5ms)[0m  [1m[35mCREATE TABLE "schema_migrations" ("version" character varying NOT NULL PRIMARY KEY)[0m
  [1m[35m (12.1ms)[0m  [1m[35mCREATE TABLE "ar_internal_metadata" ("key" character varying NOT NULL PRIMARY KEY, "value" character varying, "created_at" timestamp(6) NOT NULL, "updated_at" timestamp(6) NOT NULL)[0m
  [1m[35m (0.6ms)[0m  [1m[34mSELECT pg_try_advisory_lock(4267092032019530805)[0m
  [1m[36mActiveRecord::SchemaMigration Pluck (1.1ms)[0m  [1m[34mSELECT "schema_migrations"."version" FROM "schema_migrations" ORDER BY "schema_migrations"."version" ASC[0m
Migrating to CreateUsers (20230607214318)
  [1m[36mTRANSACTION (0.3ms)[0m  [1m[35mBEGIN[0m
  [1m[35m (16.9ms)[0m  [1m[35mCREATE TABLE "users" ("id" bigserial primary key, "name" character varying NOT NULL, "email" character varying NOT NULL, "created_at" timestamp(6) NOT NULL, "updated_at" timestamp(6) NOT NULL)[0m
  [1m[36mActiveRecord::SchemaMigration Create (2.1ms)[0m  [1m[32mINSERT INTO "schema_migrations" ("version") VALUES ($1) RETURNING "version"[0m  [["version", "20230607214318"]]
  [1m[36mTRANSACTION (2.0ms)[0m  [1m[35mCOMMIT[0m
  [1m[36mActiveRecord::InternalMetadata Load (0.7ms)[0m  [1m[34mSELECT "ar_internal_metadata".* FROM "ar_internal_metadata" WHERE "ar_internal_metadata"."key" = $1 LIMIT $2[0m  [["key", "environment"], ["LIMIT", 1]]
  [1m[36mTRANSACTION (0.3ms)[0m  [1m[35mBEGIN[0m
  [1m[36mActiveRecord::InternalMetadata Create (2.1ms)[0m  [1m[32mINSERT INTO "ar_internal_metadata" ("key", "value", "created_at", "updated_at") VALUES ($1, $2, $3, $4) RETURNING "key"[0m  [["key", "environment"], ["value", "development"], ["created_at", "2023-06-07 21:45:53.533016"], ["updated_at", "2023-06-07 21:45:53.533016"]]
  [1m[36mTRANSACTION (1.9ms)[0m  [1m[35mCOMMIT[0m
  [1m[35m (0.5ms)[0m  [1m[34mSELECT pg_advisory_unlock(4267092032019530805)[0m
  [1m[36mActiveRecord::SchemaMigration Pluck (0.9ms)[0m  [1m[34mSELECT "schema_migrations"."version" FROM "schema_migrations" ORDER BY "schema_migrations"."version" ASC[0m
  [1m[36mTRANSACTION (0.7ms)[0m  [1m[35mBEGIN[0m
  [1m[36mUser Create (2.9ms)[0m  [1m[32mINSERT INTO "users" ("name", "email", "created_at", "updated_at") VALUES ($1, $2, $3, $4) RETURNING "id"[0m  [["name", "Jason"], ["email", "jason@rocks.com"], ["created_at", "2023-06-07 21:50:07.094443"], ["updated_at", "2023-06-07 21:50:07.094443"]]
  [1m[36mTRANSACTION (39.7ms)[0m  [1m[35mCOMMIT[0m
  [1m[36mTRANSACTION (0.3ms)[0m  [1m[35mBEGIN[0m
  [1m[36mUser Create (0.5ms)[0m  [1m[32mINSERT INTO "users" ("name", "email", "created_at", "updated_at") VALUES ($1, $2, $3, $4) RETURNING "id"[0m  [["name", "Sam"], ["email", "sam@rocks.com"], ["created_at", "2023-06-07 21:50:22.277576"], ["updated_at", "2023-06-07 21:50:22.277576"]]
  [1m[36mTRANSACTION (41.9ms)[0m  [1m[35mCOMMIT[0m
  [1m[36mTRANSACTION (0.4ms)[0m  [1m[35mBEGIN[0m
  [1m[36mUser Create (0.5ms)[0m  [1m[32mINSERT INTO "users" ("name", "email", "created_at", "updated_at") VALUES ($1, $2, $3, $4) RETURNING "id"[0m  [["name", "Jordan"], ["email", "jordan@rocks.com"], ["created_at", "2023-06-07 21:50:30.230373"], ["updated_at", "2023-06-07 21:50:30.230373"]]
  [1m[36mTRANSACTION (42.9ms)[0m  [1m[35mCOMMIT[0m
Started GET "/users/" for ::1 at 2023-06-07 17:52:29 -0400
  [1m[36mActiveRecord::SchemaMigration Pluck (1.3ms)[0m  [1m[34mSELECT "schema_migrations"."version" FROM "schema_migrations" ORDER BY "schema_migrations"."version" ASC[0m
Processing by UsersController#index as */*
Completed 200 OK in 1ms (Views: 0.4ms | ActiveRecord: 0.0ms | Allocations: 364)


  [1m[36mTRANSACTION (0.4ms)[0m  [1m[35mBEGIN[0m
  [1m[36mUser Create (1.3ms)[0m  [1m[32mINSERT INTO "users" ("name", "email", "created_at", "updated_at") VALUES ($1, $2, $3, $4) RETURNING "id"[0m  [["name", "Jason"], ["email", "jason@rocks.com"], ["created_at", "2023-06-07 21:53:32.661048"], ["updated_at", "2023-06-07 21:53:32.661048"]]
  [1m[36mTRANSACTION (42.0ms)[0m  [1m[35mCOMMIT[0m
  [1m[36mTRANSACTION (0.4ms)[0m  [1m[35mBEGIN[0m
  [1m[36mUser Create (0.6ms)[0m  [1m[32mINSERT INTO "users" ("name", "email", "created_at", "updated_at") VALUES ($1, $2, $3, $4) RETURNING "id"[0m  [["name", "Sam"], ["email", "sam@rocks.com"], ["created_at", "2023-06-07 21:53:34.531578"], ["updated_at", "2023-06-07 21:53:34.531578"]]
  [1m[36mTRANSACTION (1.9ms)[0m  [1m[35mCOMMIT[0m
  [1m[36mTRANSACTION (0.4ms)[0m  [1m[35mBEGIN[0m
  [1m[36mUser Create (1.0ms)[0m  [1m[32mINSERT INTO "users" ("name", "email", "created_at", "updated_at") VALUES ($1, $2, $3, $4) RETURNING "id"[0m  [["name", "Jordan"], ["email", "jordan@rocks.com"], ["created_at", "2023-06-07 21:53:36.719505"], ["updated_at", "2023-06-07 21:53:36.719505"]]
  [1m[36mTRANSACTION (2.3ms)[0m  [1m[35mCOMMIT[0m
Started GET "/users/" for ::1 at 2023-06-07 17:54:00 -0400
  [1m[36mActiveRecord::SchemaMigration Pluck (1.1ms)[0m  [1m[34mSELECT "schema_migrations"."version" FROM "schema_migrations" ORDER BY "schema_migrations"."version" ASC[0m
Processing by UsersController#index as */*
Completed 200 OK in 1ms (Views: 0.5ms | ActiveRecord: 0.0ms | Allocations: 365)


Started GET "/users/" for ::1 at 2023-06-07 17:54:06 -0400
Processing by UsersController#index as */*
Completed 200 OK in 0ms (Views: 0.2ms | ActiveRecord: 0.0ms | Allocations: 104)


  [1m[36mTRANSACTION (0.6ms)[0m  [1m[35mBEGIN[0m
  [1m[36mUser Create (1.5ms)[0m  [1m[32mINSERT INTO "users" ("name", "email", "created_at", "updated_at") VALUES ($1, $2, $3, $4) RETURNING "id"[0m  [["name", "Jordan"], ["email", "jordan@rocks.com"], ["created_at", "2023-06-07 21:56:37.476848"], ["updated_at", "2023-06-07 21:56:37.476848"]]
  [1m[36mTRANSACTION (49.8ms)[0m  [1m[35mCOMMIT[0m
  [1m[36mUser Load (1.0ms)[0m  [1m[34mSELECT "users".* FROM "users"[0m
Started GET "/users/1" for ::1 at 2023-06-07 17:57:27 -0400
  [1m[36mActiveRecord::SchemaMigration Pluck (1.0ms)[0m  [1m[34mSELECT "schema_migrations"."version" FROM "schema_migrations" ORDER BY "schema_migrations"."version" ASC[0m
Processing by UsersController#show as */*
  Parameters: {"id"=>"1"}
Completed 200 OK in 1ms (Views: 0.4ms | ActiveRecord: 0.0ms | Allocations: 374)


Started GET "/users/1" for ::1 at 2023-06-07 17:57:37 -0400
Processing by UsersController#show as */*
  Parameters: {"id"=>"1"}
Completed 200 OK in 1ms (Views: 0.3ms | ActiveRecord: 0.0ms | Allocations: 113)


Started GET "/users/1" for ::1 at 2023-06-07 17:57:39 -0400
Processing by UsersController#show as */*
  Parameters: {"id"=>"1"}
Completed 200 OK in 0ms (Views: 0.2ms | ActiveRecord: 0.0ms | Allocations: 110)


Started GET "/users" for ::1 at 2023-06-08 09:11:07 -0400
  [1m[36mActiveRecord::SchemaMigration Pluck (2.7ms)[0m  [1m[34mSELECT "schema_migrations"."version" FROM "schema_migrations" ORDER BY "schema_migrations"."version" ASC[0m
Processing by UsersController#index as */*
Completed 200 OK in 1ms (Views: 0.6ms | ActiveRecord: 0.0ms | Allocations: 365)


  [1m[36mTRANSACTION (0.5ms)[0m  [1m[35mBEGIN[0m
  [1m[36mUser Create (2.9ms)[0m  [1m[32mINSERT INTO "users" ("name", "email", "created_at", "updated_at") VALUES ($1, $2, $3, $4) RETURNING "id"[0m  [["name", "Jason"], ["email", "jason@rocks.com"], ["created_at", "2023-06-08 13:15:38.105680"], ["updated_at", "2023-06-08 13:15:38.105680"]]
  [1m[36mTRANSACTION (2.1ms)[0m  [1m[35mCOMMIT[0m
  [1m[36mUser Load (0.5ms)[0m  [1m[34mSELECT "users".* FROM "users" WHERE "users"."id" = $1 LIMIT $2[0m  [["id", nil], ["LIMIT", 1]]
  [1m[36mUser Load (0.6ms)[0m  [1m[34mSELECT "users".* FROM "users" WHERE "users"."id" = $1 LIMIT $2[0m  [["id", nil], ["LIMIT", 1]]
  [1m[36mUser Load (0.6ms)[0m  [1m[34mSELECT "users".* FROM "users" WHERE "users"."id" = $1 LIMIT $2[0m  [["id", nil], ["LIMIT", 1]]
  [1m[36mUser Load (0.6ms)[0m  [1m[34mSELECT "users".* FROM "users" WHERE "users"."id" = $1 LIMIT $2[0m  [["id", nil], ["LIMIT", 1]]
  [1m[36mUser Load (0.8ms)[0m  [1m[34mSELECT "users".* FROM "users" WHERE "users"."id" = $1 LIMIT $2[0m  [["id", 40], ["LIMIT", 1]]
  [1m[36mUser Load (0.8ms)[0m  [1m[34mSELECT "users".* FROM "users" WHERE "users"."id" = $1 LIMIT $2[0m  [["id", 1], ["LIMIT", 1]]
  [1m[36mUser Load (0.7ms)[0m  [1m[34mSELECT "users".* FROM "users" WHERE "users"."id" = $1 LIMIT $2[0m  [["id", 2], ["LIMIT", 1]]
  [1m[36mUser Load (0.6ms)[0m  [1m[34mSELECT "users".* FROM "users" WHERE "users"."id" = $1 LIMIT $2[0m  [["id", 3], ["LIMIT", 1]]
Started GET "/users" for ::1 at 2023-06-08 09:22:40 -0400
  [1m[36mActiveRecord::SchemaMigration Pluck (0.8ms)[0m  [1m[34mSELECT "schema_migrations"."version" FROM "schema_migrations" ORDER BY "schema_migrations"."version" ASC[0m
Processing by UsersController#index as */*
Completed 200 OK in 1ms (Views: 0.4ms | ActiveRecord: 0.0ms | Allocations: 365)


Started GET "/users/" for ::1 at 2023-06-08 09:24:15 -0400
Processing by UsersController#index as */*
Completed 200 OK in 1ms (Views: 0.3ms | ActiveRecord: 0.0ms | Allocations: 104)


Started GET "/users/" for ::1 at 2023-06-08 09:27:16 -0400
Processing by UsersController#index as */*
Completed 500 Internal Server Error in 6ms (ActiveRecord: 0.0ms | Allocations: 3151)



NameError - undefined local variable or method `users' for #<UsersController:0x00000000005af0>
        render json: users
                     ^^^^^
Did you mean?  users_url:
  app/controllers/users_controller.rb:3:in `index'

Started GET "/users/" for ::1 at 2023-06-08 09:27:44 -0400
Processing by UsersController#index as */*
  [1m[36mUser Load (0.9ms)[0m  [1m[34mSELECT "users".* FROM "users"[0m
  ↳ app/controllers/users_controller.rb:4:in `index'
Completed 200 OK in 28ms (Views: 16.0ms | ActiveRecord: 6.7ms | Allocations: 6659)


Started POST "/users/?name=%22Dave%22&email=%22Dave@rocks.com%22" for ::1 at 2023-06-08 09:30:35 -0400
Processing by UsersController#create as */*
  Parameters: {"name"=>"\"Dave\"", "email"=>"\"Dave@rocks.com\""}
Completed 400 Bad Request in 4ms (ActiveRecord: 0.0ms | Allocations: 1188)



ActionController::ParameterMissing - param is missing or the value is empty: user:
  app/controllers/users_controller.rb:13:in `create'

Started POST "/users/?:name=%22Dave%22&:email=%22Dave@rocks.com%22" for ::1 at 2023-06-08 09:31:18 -0400
Processing by UsersController#create as */*
  Parameters: {":name"=>"\"Dave\"", ":email"=>"\"Dave@rocks.com\""}
Completed 400 Bad Request in 1ms (ActiveRecord: 0.0ms | Allocations: 595)



ActionController::ParameterMissing - param is missing or the value is empty: user:
  app/controllers/users_controller.rb:13:in `create'

Started POST "/users/?:name=%22Dave%22&:email=%22Dave@rocks.com%22" for ::1 at 2023-06-08 09:31:26 -0400
Processing by UsersController#create as */*
  Parameters: {":name"=>"\"Dave\"", ":email"=>"\"Dave@rocks.com\""}
Completed 400 Bad Request in 1ms (ActiveRecord: 0.0ms | Allocations: 597)



ActionController::ParameterMissing - param is missing or the value is empty: user:
  app/controllers/users_controller.rb:13:in `create'

Started POST "/users/?:name=%22Dave%22&:email=%22Dave@rocks.com%22" for ::1 at 2023-06-08 09:34:05 -0400
Processing by UsersController#create as */*
  Parameters: {":name"=>"\"Dave\"", ":email"=>"\"Dave@rocks.com\""}
Completed 500 Internal Server Error in 12ms (ActiveRecord: 0.0ms | Allocations: 3699)



NameError - undefined local variable or method `user_params' for #<UsersController:0x00000000008098>
        user = User.new(user_params)
                        ^^^^^^^^^^^
Did you mean?  user_path:
  app/controllers/users_controller.rb:13:in `create'

Started POST "/users/?:name=%22Dave%22&:email=%22Dave@rocks.com%22" for ::1 at 2023-06-08 09:34:52 -0400
Processing by UsersController#create as */*
  Parameters: {":name"=>"\"Dave\"", ":email"=>"\"Dave@rocks.com\""}
Completed 400 Bad Request in 2ms (ActiveRecord: 0.0ms | Allocations: 1165)



ActionController::ParameterMissing - param is missing or the value is empty: user:
  app/controllers/users_controller.rb:13:in `create'

Started POST "/users/?[:user]:name=%22Dave%22&[:user]:email=%22Dave@rocks.com%22&" for ::1 at 2023-06-08 09:37:26 -0400
Processing by UsersController#create as */*
  Parameters: {":user"=>{":name"=>"\"Dave\"", ":email"=>"\"Dave@rocks.com\""}}
Completed 400 Bad Request in 2ms (ActiveRecord: 0.0ms | Allocations: 609)



ActionController::ParameterMissing - param is missing or the value is empty: user
Did you mean?  :user:
  app/controllers/users_controller.rb:13:in `create'

Started POST "/users/?[user]:name=%22Dave%22&[user]:email=%22Dave@rocks.com%22&" for ::1 at 2023-06-08 09:37:53 -0400
Processing by UsersController#create as */*
  Parameters: {"user"=>{":name"=>"\"Dave\"", ":email"=>"\"Dave@rocks.com\""}}
[31mUnpermitted parameters: ::name, ::email. Context: { controller: UsersController, action: create, request: #<ActionDispatch::Request:0x00007f524b7f17b0>, params: {"user"=>{":name"=>"\"Dave\"", ":email"=>"\"Dave@rocks.com\""}, "controller"=>"users", "action"=>"create"} }[0m
Completed 422 Unprocessable Entity in 26ms (ActiveRecord: 5.4ms | Allocations: 5443)



ActiveRecord::RecordInvalid - Validation failed: Email can't be blank, Name can't be blank:
  app/controllers/users_controller.rb:14:in `create'

Started POST "/users/?:user=&[:user]:name=%22Dave%22&[:user]:email=%22Dave@rocks.com%22" for ::1 at 2023-06-08 09:38:22 -0400

ActionController::BadRequest - Invalid query parameters: expected Hash (got String) for param `:user':

Started POST "/users/?:user={}&[:user]:name=%22Dave%22&[:user]:email=%22Dave@rocks.com%22" for ::1 at 2023-06-08 09:38:32 -0400

ActionController::BadRequest - Invalid query parameters: expected Hash (got String) for param `:user':

Started POST "/users/?:user={:name,%20:email}&[:user]:name=%22Dave%22&[:user]:email=%22Dave@rocks.com%22" for ::1 at 2023-06-08 09:38:47 -0400

ActionController::BadRequest - Invalid query parameters: expected Hash (got String) for param `:user':

Started POST "/users/?[:user]:name=%22Dave%22&[:user]:email=%22Dave@rocks.com%22&:user={:name,%20:email}" for ::1 at 2023-06-08 09:38:53 -0400
Processing by UsersController#create as */*
  Parameters: {":user"=>"{:name, :email}"}
Completed 400 Bad Request in 1ms (ActiveRecord: 0.0ms | Allocations: 605)



ActionController::ParameterMissing - param is missing or the value is empty: user
Did you mean?  :user:
  app/controllers/users_controller.rb:13:in `create'

Started POST "/users/" for ::1 at 2023-06-08 09:46:15 -0400
Processing by UsersController#create as */*
Completed 400 Bad Request in 3ms (Allocations: 587)



ActionController::ParameterMissing - param is missing or the value is empty: user:
  app/controllers/users_controller.rb:13:in `create'

Started POST "/users/?[user][name]=%22Dave%22&[user][email]=%22Dave@email.com%22" for ::1 at 2023-06-08 09:51:16 -0400
Processing by UsersController#create as */*
  Parameters: {"user"=>{"name"=>"\"Dave\"", "email"=>"\"Dave@email.com\""}}
  [1m[36mTRANSACTION (0.4ms)[0m  [1m[35mBEGIN[0m
  ↳ app/controllers/users_controller.rb:14:in `create'
  [1m[36mUser Create (2.9ms)[0m  [1m[32mINSERT INTO "users" ("name", "email", "created_at", "updated_at") VALUES ($1, $2, $3, $4) RETURNING "id"[0m  [["name", "\"Dave\""], ["email", "\"Dave@email.com\""], ["created_at", "2023-06-08 13:51:16.282286"], ["updated_at", "2023-06-08 13:51:16.282286"]]
  ↳ app/controllers/users_controller.rb:14:in `create'
  [1m[36mTRANSACTION (42.8ms)[0m  [1m[35mCOMMIT[0m
  ↳ app/controllers/users_controller.rb:14:in `create'
Completed 200 OK in 95ms (Views: 1.0ms | ActiveRecord: 59.8ms | Allocations: 6433)


Started POST "/users/?[user][name]=Erin&[user][email]=erin@email.com" for ::1 at 2023-06-08 09:51:49 -0400
Processing by UsersController#create as */*
  Parameters: {"user"=>{"name"=>"Erin", "email"=>"erin@email.com"}}
  [1m[36mTRANSACTION (0.4ms)[0m  [1m[35mBEGIN[0m
  ↳ app/controllers/users_controller.rb:14:in `create'
  [1m[36mUser Create (2.1ms)[0m  [1m[32mINSERT INTO "users" ("name", "email", "created_at", "updated_at") VALUES ($1, $2, $3, $4) RETURNING "id"[0m  [["name", "Erin"], ["email", "erin@email.com"], ["created_at", "2023-06-08 13:51:49.382443"], ["updated_at", "2023-06-08 13:51:49.382443"]]
  ↳ app/controllers/users_controller.rb:14:in `create'
  [1m[36mTRANSACTION (42.8ms)[0m  [1m[35mCOMMIT[0m
  ↳ app/controllers/users_controller.rb:14:in `create'
Completed 200 OK in 57ms (Views: 1.1ms | ActiveRecord: 45.3ms | Allocations: 1981)


Started POST "/users/" for ::1 at 2023-06-08 09:53:36 -0400
Processing by UsersController#create as */*
  Parameters: {"user"=>{"name"=>"joe", "email"=>"joe@email.com"}}
  [1m[36mTRANSACTION (0.3ms)[0m  [1m[35mBEGIN[0m
  ↳ app/controllers/users_controller.rb:14:in `create'
  [1m[36mUser Create (1.2ms)[0m  [1m[32mINSERT INTO "users" ("name", "email", "created_at", "updated_at") VALUES ($1, $2, $3, $4) RETURNING "id"[0m  [["name", "joe"], ["email", "joe@email.com"], ["created_at", "2023-06-08 13:53:36.325013"], ["updated_at", "2023-06-08 13:53:36.325013"]]
  ↳ app/controllers/users_controller.rb:14:in `create'
  [1m[36mTRANSACTION (2.2ms)[0m  [1m[35mCOMMIT[0m
  ↳ app/controllers/users_controller.rb:14:in `create'
Completed 200 OK in 13ms (Views: 0.6ms | ActiveRecord: 3.8ms | Allocations: 2179)


